<?xml version="1.0" encoding="UTF-8"?>
<!-- Generated by org.testng.reporters.JUnitXMLReporter -->
<testsuite ignored="0" hostname="DESKTOP-FRLFC5T" failures="0" tests="3" name="Default test" time="0.163" errors="0" timestamp="2024-03-22T20:51:34 IST">
  <testcase classname="testsamples.TestngAnnotationsTest" name="display5" time="0.019"/>
  <testcase classname="testsamples.TestngAnnotationsTest" name="display6" time="0.005"/>
  <testcase classname="testsamples.TestngAnnotationsTest" name="display7" time="0.003"/>
</testsuite> <!-- Default test -->
